\BOOKMARK [1][-]{section.1}{\376\377\000=\133\236\232\214\116\000\000\040\000K\000N\000N\000\040\000C\000l\000a\000s\000s\000i\000f\000i\000c\000a\000t\000i\000o\000n}{}% 1
\BOOKMARK [2][-]{subsection.1.1}{\376\377\225\356\230\230\143\317\217\360}{section.1}% 2
\BOOKMARK [2][-]{subsection.1.2}{\376\377\151\202\217\360}{section.1}% 3
\BOOKMARK [2][-]{subsection.1.3}{\376\377\116\373\122\241\213\364\146\016}{section.1}% 4
\BOOKMARK [2][-]{subsection.1.4}{\376\377\133\236\163\260\153\145\232\244\116\016\155\101\172\013}{section.1}% 5
\BOOKMARK [2][-]{subsection.1.5}{\376\377\133\236\232\214\176\323\147\234\116\016\122\006\147\220}{section.1}% 6
\BOOKMARK [2][-]{subsection.1.6}{\376\377\000M\000i\000n\000d\000S\000p\000o\000r\000e\000\040\133\146\116\140\117\177\165\050\137\303\137\227\117\123\117\032}{section.1}% 7
\BOOKMARK [2][-]{subsection.1.7}{\376\377\116\343\170\001\226\104\137\125}{section.1}% 8
\BOOKMARK [1][-]{section.2}{\376\377\000=\133\236\232\214\116\214\000\040\000N\000a\000\357\000v\000e\000\040\000B\000a\000y\000e\000s\000\040\000C\000l\000a\000s\000s\000i\000f\000i\000c\000a\000t\000i\000o\000n}{}% 9
\BOOKMARK [2][-]{subsection.2.1}{\376\377\225\356\230\230\143\317\217\360}{section.2}% 10
\BOOKMARK [2][-]{subsection.2.2}{\376\377\151\202\217\360}{section.2}% 11
\BOOKMARK [2][-]{subsection.2.3}{\376\377\116\373\122\241\213\364\146\016}{section.2}% 12
\BOOKMARK [2][-]{subsection.2.4}{\376\377\133\236\163\260\153\145\232\244\116\016\155\101\172\013}{section.2}% 13
\BOOKMARK [2][-]{subsection.2.5}{\376\377\133\236\232\214\176\323\147\234\116\016\122\006\147\220}{section.2}% 14
\BOOKMARK [2][-]{subsection.2.6}{\376\377\000M\000i\000n\000d\000S\000p\000o\000r\000e\000\040\133\146\116\140\117\177\165\050\137\303\137\227\117\123\117\032}{section.2}% 15
\BOOKMARK [2][-]{subsection.2.7}{\376\377\116\343\170\001\226\104\137\125}{section.2}% 16
\BOOKMARK [1][-]{section.3}{\376\377\000=\133\236\232\214\116\011\000\040\000N\000e\000u\000r\000a\000l\000\040\000N\000e\000t\000w\000o\000r\000k\000\040\000I\000m\000a\000g\000e\000\040\000C\000l\000a\000s\000s\000i\000f\000i\000c\000a\000t\000i\000o\000n}{}% 17
\BOOKMARK [2][-]{subsection.3.1}{\376\377\225\356\230\230\143\317\217\360}{section.3}% 18
\BOOKMARK [2][-]{subsection.3.2}{\376\377\151\202\217\360}{section.3}% 19
\BOOKMARK [2][-]{subsection.3.3}{\376\377\116\373\122\241\213\364\146\016}{section.3}% 20
\BOOKMARK [2][-]{subsection.3.4}{\376\377\133\236\163\260\153\145\232\244\116\016\155\101\172\013}{section.3}% 21
\BOOKMARK [2][-]{subsection.3.5}{\376\377\133\236\232\214\176\323\147\234\116\016\122\006\147\220}{section.3}% 22
\BOOKMARK [2][-]{subsection.3.6}{\376\377\000M\000i\000n\000d\000S\000p\000o\000r\000e\000\040\133\146\116\140\117\177\165\050\137\303\137\227\117\123\117\032}{section.3}% 23
\BOOKMARK [2][-]{subsection.3.7}{\376\377\116\343\170\001\226\104\137\125}{section.3}% 24
\BOOKMARK [1][-]{section.4}{\376\377\000=\137\303\137\227\117\123\117\032}{}% 25
